<?xml version="1.0" encoding="UTF-8"?>
<testng-results ignored="0" total="2" passed="1" failed="1" skipped="0">
  <reporter-output>
  </reporter-output>
  <suite started-at="2025-12-19T16:13:32 NPT" name="Default suite" finished-at="2025-12-19T16:14:21 NPT" duration-ms="49770">
    <groups>
    </groups>
    <test started-at="2025-12-19T16:13:32 NPT" name="Default test" finished-at="2025-12-19T16:14:21 NPT" duration-ms="49770">
      <class name="zaptest.ZapTest1">
        <test-method is-config="true" signature="setUp()[pri:0, instance:zaptest.ZapTest1@266374ef]" started-at="2025-12-19T16:13:32 NPT" name="setUp" finished-at="2025-12-19T16:13:39 NPT" duration-ms="7662" status="PASS">
          <reporter-output>
          </reporter-output>
        </test-method> <!-- setUp -->
        <test-method signature="passiveScan()[pri:1, instance:zaptest.ZapTest1@266374ef]" started-at="2025-12-19T16:13:39 NPT" name="passiveScan" finished-at="2025-12-19T16:13:56 NPT" duration-ms="16133" status="PASS">
          <reporter-output>
          </reporter-output>
        </test-method> <!-- passiveScan -->
        <test-method is-config="true" signature="tearDown()[pri:0, instance:zaptest.ZapTest1@266374ef]" started-at="2025-12-19T16:13:56 NPT" name="tearDown" finished-at="2025-12-19T16:14:02 NPT" duration-ms="6315" status="PASS">
          <reporter-output>
          </reporter-output>
        </test-method> <!-- tearDown -->
        <test-method is-config="true" signature="setUp()[pri:0, instance:zaptest.ZapTest1@266374ef]" started-at="2025-12-19T16:14:02 NPT" name="setUp" finished-at="2025-12-19T16:14:08 NPT" duration-ms="5867" status="PASS">
          <reporter-output>
          </reporter-output>
        </test-method> <!-- setUp -->
        <test-method signature="testActiveScan()[pri:2, instance:zaptest.ZapTest1@266374ef]" started-at="2025-12-19T16:14:08 NPT" name="testActiveScan" finished-at="2025-12-19T16:14:15 NPT" depends-on-methods="zaptest.ZapTest1.passiveScan" duration-ms="7282" status="FAIL">
          <exception class="java.lang.AssertionError">
            <message>
              <![CDATA[Active scan failed: Active scan failed]]>
            </message>
            <full-stacktrace>
              <![CDATA[java.lang.AssertionError: Active scan failed: Active scan failed
at org.testng.Assert.fail(Assert.java:111)
at zaptest.ZapTest1.testActiveScan(ZapTest1.java:90)
at java.base/jdk.internal.reflect.DirectMethodHandleAccessor.invoke(DirectMethodHandleAccessor.java:103)
at java.base/java.lang.reflect.Method.invoke(Method.java:580)
at org.testng.internal.invokers.MethodInvocationHelper.invokeMethod(MethodInvocationHelper.java:141)
at org.testng.internal.invokers.TestInvoker.invokeMethod(TestInvoker.java:687)
at org.testng.internal.invokers.TestInvoker.invokeTestMethod(TestInvoker.java:230)
at org.testng.internal.invokers.MethodRunner.runInSequence(MethodRunner.java:63)
at org.testng.internal.invokers.TestInvoker$MethodInvocationAgent.invoke(TestInvoker.java:995)
at org.testng.internal.invokers.TestInvoker.invokeTestMethods(TestInvoker.java:203)
at org.testng.internal.invokers.TestMethodWorker.invokeTestMethods(TestMethodWorker.java:154)
at org.testng.internal.invokers.TestMethodWorker.run(TestMethodWorker.java:134)
at java.base/java.util.ArrayList.forEach(ArrayList.java:1596)
at org.testng.TestRunner.privateRun(TestRunner.java:741)
at org.testng.TestRunner.run(TestRunner.java:616)
at org.testng.SuiteRunner.runTest(SuiteRunner.java:421)
at org.testng.SuiteRunner.runSequentially(SuiteRunner.java:413)
at org.testng.SuiteRunner.privateRun(SuiteRunner.java:373)
at org.testng.SuiteRunner.run(SuiteRunner.java:312)
at org.testng.SuiteRunnerWorker.runSuite(SuiteRunnerWorker.java:52)
at org.testng.SuiteRunnerWorker.run(SuiteRunnerWorker.java:95)
at org.testng.TestNG.runSuitesSequentially(TestNG.java:1274)
at org.testng.TestNG.runSuitesLocally(TestNG.java:1208)
at org.testng.TestNG.runSuites(TestNG.java:1112)
at org.testng.TestNG.run(TestNG.java:1079)
at org.testng.remote.AbstractRemoteTestNG.run(AbstractRemoteTestNG.java:115)
at org.testng.remote.RemoteTestNG.initAndRun(RemoteTestNG.java:293)
at org.testng.remote.RemoteTestNG.main(RemoteTestNG.java:91)
]]>
            </full-stacktrace>
          </exception> <!-- java.lang.AssertionError -->
          <reporter-output>
          </reporter-output>
        </test-method> <!-- testActiveScan -->
        <test-method is-config="true" signature="tearDown()[pri:0, instance:zaptest.ZapTest1@266374ef]" started-at="2025-12-19T16:14:15 NPT" name="tearDown" finished-at="2025-12-19T16:14:21 NPT" duration-ms="6284" status="PASS">
          <reporter-output>
          </reporter-output>
        </test-method> <!-- tearDown -->
      </class> <!-- zaptest.ZapTest1 -->
    </test> <!-- Default test -->
  </suite> <!-- Default suite -->
</testng-results>
