<?xml version="1.0" encoding="UTF-8"?>
<!-- Generated by org.testng.reporters.JUnitReportReporter -->
<testsuite hostname="Sonys-Mac-mini.local" failures="0" tests="4" name="com.p2.qa.sprint1.testcases.StaffModuleTestcases" time="33.586" errors="0" timestamp="2025-11-18T17:57:14 NPT" skipped="0">
  <testcase classname="com.p2.qa.sprint1.testcases.StaffModuleTestcases" name="tc001_loginWithValidCredentials" time="6.723"/>
  <testcase classname="com.p2.qa.sprint1.testcases.StaffModuleTestcases" name="tc004_addStaffWithValidData" time="4.172"/>
  <testcase classname="com.p2.qa.sprint1.testcases.StaffModuleTestcases" name="tc014_editStaffDetails" time="10.489"/>
  <testcase classname="com.p2.qa.sprint1.testcases.StaffModuleTestcases" name="tc018_editStaffMultipleTimes" time="12.202"/>
</testsuite> <!-- com.p2.qa.sprint1.testcases.StaffModuleTestcases -->
